<?xml version="1.0" encoding="UTF-8"?>
<!-- Generated by org.testng.reporters.JUnitReportReporter -->
<testsuite skipped="0" hostname="DESKTOP-QAJVFIP" name="MyRunner.TestRunner" tests="1" failures="0" timestamp="2019-11-26T20:05:17 IST" time="41.528" errors="0">
  <testcase name="runScenario" time="41.528" classname="MyRunner.TestRunner"/>
</testsuite> <!-- MyRunner.TestRunner -->
